<?xml version="1.0" encoding="UTF-8"?>
<testsuite name="org.sam.mines.examples.OptionalExample" tests="2" skipped="0" failures="0" errors="0" timestamp="2021-05-31T13:30:10" hostname="LAPTOP-1SMIEUPR" time="0.021">
  <properties/>
  <testcase name="shouldNotThrowNullPointerException()" classname="org.sam.mines.examples.OptionalExample" time="0.014"/>
  <testcase name="shouldThrowNullPointerException()" classname="org.sam.mines.examples.OptionalExample" time="0.006"/>
  <system-out><![CDATA[]]></system-out>
  <system-err><![CDATA[]]></system-err>
</testsuite>
