<?xml version="1.0" encoding="UTF-8"?>
<testsuite name="org.sam.mines.examples.patterns.StrategyPattern" tests="1" skipped="0" failures="0" errors="0" timestamp="2021-06-02T14:45:18" hostname="DESKTOP-VFBGE6L" time="0.005">
  <properties/>
  <testcase name="shouldDoStrategy()" classname="org.sam.mines.examples.patterns.StrategyPattern" time="0.005"/>
  <system-out><![CDATA[]]></system-out>
  <system-err><![CDATA[]]></system-err>
</testsuite>
