<?xml version="1.0" encoding="UTF-8"?>
<testsuite name="org.sam.mines.examples.ThreadSafety" tests="1" skipped="1" failures="0" errors="0" timestamp="2021-06-02T14:45:18" hostname="DESKTOP-VFBGE6L" time="0.0">
  <properties/>
  <testcase name="shouldTestThreadUnsafe()" classname="org.sam.mines.examples.ThreadSafety" time="0.0">
    <skipped/>
  </testcase>
  <system-out><![CDATA[]]></system-out>
  <system-err><![CDATA[]]></system-err>
</testsuite>
