<?xml version="1.0" encoding="UTF-8"?>
<testsuite name="org.sam.mines.examples.ThreadSafety" tests="1" skipped="1" failures="0" errors="0" timestamp="2021-05-31T13:30:10" hostname="LAPTOP-1SMIEUPR" time="0.001">
  <properties/>
  <testcase name="shouldTestThreadUnsafe()" classname="org.sam.mines.examples.ThreadSafety" time="0.001">
    <skipped/>
  </testcase>
  <system-out><![CDATA[]]></system-out>
  <system-err><![CDATA[]]></system-err>
</testsuite>
