<?xml version="1.0" encoding="UTF-8"?>
<testsuite name="org.sam.mines.examples.IterationExit" tests="3" skipped="3" failures="0" errors="0" timestamp="2021-05-31T13:30:10" hostname="LAPTOP-1SMIEUPR" time="0.004">
  <properties/>
  <testcase name="shouldDemonstrateIterationExitBenefits()" classname="org.sam.mines.examples.IterationExit" time="0.0">
    <skipped/>
  </testcase>
  <testcase name="shouldDoWithStream()" classname="org.sam.mines.examples.IterationExit" time="0.0">
    <skipped/>
  </testcase>
  <testcase name="shouldDemonstrateIteration()" classname="org.sam.mines.examples.IterationExit" time="0.001">
    <skipped/>
  </testcase>
  <system-out><![CDATA[]]></system-out>
  <system-err><![CDATA[]]></system-err>
</testsuite>
