<?xml version="1.0" encoding="UTF-8"?>
<testsuite name="org.sam.mines.examples.OptionalExample" tests="2" skipped="0" failures="0" errors="0" timestamp="2021-06-02T14:45:18" hostname="DESKTOP-VFBGE6L" time="0.013">
  <properties/>
  <testcase name="shouldNotThrowNullPointerException()" classname="org.sam.mines.examples.OptionalExample" time="0.009"/>
  <testcase name="shouldThrowNullPointerException()" classname="org.sam.mines.examples.OptionalExample" time="0.003"/>
  <system-out><![CDATA[]]></system-out>
  <system-err><![CDATA[]]></system-err>
</testsuite>
