<?xml version="1.0" encoding="UTF-8"?>
<testsuite name="org.sam.mines.examples.patterns.ObserverTest" tests="1" skipped="0" failures="0" errors="0" timestamp="2021-06-02T14:45:18" hostname="DESKTOP-VFBGE6L" time="0.002">
  <properties/>
  <testcase name="shouldObserve()" classname="org.sam.mines.examples.patterns.ObserverTest" time="0.002"/>
  <system-out><![CDATA[Do something useful
]]></system-out>
  <system-err><![CDATA[]]></system-err>
</testsuite>
