<?xml version="1.0" encoding="UTF-8"?>
<testsuite name="org.sam.mines.address.service.impl.PersonServiceImplTest" tests="3" skipped="0" failures="0" errors="0" timestamp="2021-06-02T10:25:53" hostname="LAPTOP-1SMIEUPR" time="2.177">
  <properties/>
  <testcase name="shouldGetAll()" classname="org.sam.mines.address.service.impl.PersonServiceImplTest" time="2.143"/>
  <testcase name="shouldSaveAValidPerson()" classname="org.sam.mines.address.service.impl.PersonServiceImplTest" time="0.024"/>
  <testcase name="shouldNotSaveWhenNameIsBlank()" classname="org.sam.mines.address.service.impl.PersonServiceImplTest" time="0.008"/>
  <system-out><![CDATA[]]></system-out>
  <system-err><![CDATA[]]></system-err>
</testsuite>
