<?xml version="1.0" encoding="UTF-8"?>
<testsuite name="org.sam.mines.address.service.impl.TownServiceImplTest" tests="3" skipped="0" failures="0" errors="0" timestamp="2021-05-31T13:30:53" hostname="LAPTOP-1SMIEUPR" time="2.082">
  <properties/>
  <testcase name="shouldGetAll()" classname="org.sam.mines.address.service.impl.TownServiceImplTest" time="2.052"/>
  <testcase name="shouldSaveAValidTown()" classname="org.sam.mines.address.service.impl.TownServiceImplTest" time="0.02"/>
  <testcase name="shouldNotSaveWhenNameIsBlank()" classname="org.sam.mines.address.service.impl.TownServiceImplTest" time="0.007"/>
  <system-out><![CDATA[]]></system-out>
  <system-err><![CDATA[]]></system-err>
</testsuite>
